<?xml version="1.0" encoding="UTF-8"?>
<!-- Generated by org.testng.reporters.JUnitXMLReporter -->
<testsuite ignored="0" hostname="LAPTOP-KHU2JSHE" failures="0" tests="5" name="FirefoxTest" time="0.842" errors="0" timestamp="2022-08-21T01:52:59 EET">
  <testcase classname="testSuites.TestGoogleClass" name="@BeforeClass setUp" time="0.796">
    <failure type="org.openqa.selenium.SessionNotCreatedException" message="Could not start a new session. Unable to parse remote response: Unable to find resource, invalid path in url.">
      <![CDATA[org.openqa.selenium.SessionNotCreatedException: Could not start a new session. Unable to parse remote response: Unable to find resource, invalid path in url.
at org.openqa.selenium.remote.ProtocolHandshake.createSession(ProtocolHandshake.java:130)
at org.openqa.selenium.remote.ProtocolHandshake.createSession(ProtocolHandshake.java:102)
at org.openqa.selenium.remote.ProtocolHandshake.createSession(ProtocolHandshake.java:67)
at org.openqa.selenium.remote.HttpCommandExecutor.execute(HttpCommandExecutor.java:156)
at org.openqa.selenium.remote.TracedCommandExecutor.execute(TracedCommandExecutor.java:51)
at org.openqa.selenium.remote.RemoteWebDriver.execute(RemoteWebDriver.java:588)
at org.openqa.selenium.remote.RemoteWebDriver.startSession(RemoteWebDriver.java:283)
at org.openqa.selenium.remote.RemoteWebDriver.<init>(RemoteWebDriver.java:184)
at org.openqa.selenium.remote.RemoteWebDriver.<init>(RemoteWebDriver.java:166)
at utils.WindowManger.setup(WindowManger.java:24)
at testSuites.TestGoogleClass.setUp(TestGoogleClass.java:128)
at java.base/java.util.ArrayList.forEach(ArrayList.java:1511)
at java.base/java.util.concurrent.FutureTask.run(FutureTask.java:264)
at java.base/java.util.concurrent.ThreadPoolExecutor.runWorker(ThreadPoolExecutor.java:1136)
at java.base/java.util.concurrent.ThreadPoolExecutor$Worker.run(ThreadPoolExecutor.java:635)
at java.base/java.lang.Thread.run(Thread.java:833)
Caused by: org.openqa.selenium.json.JsonException: Unable to parse: Unable to find resource, invalid path in url.
at org.openqa.selenium.json.Json.toType(Json.java:57)
at org.openqa.selenium.json.Json.toType(Json.java:50)
at org.openqa.selenium.remote.ProtocolHandshake.createSession(ProtocolHandshake.java:127)
... 30 more
Caused by: org.openqa.selenium.json.JsonException: Unable to determine type from: U. Last 1 characters read: U
Build info: version: '4.2.2', revision: '683ccb65d6'
System info: host: 'LAPTOP-KHU2JSHE', ip: '172.28.48.1', os.name: 'Windows 10', os.arch: 'amd64', os.version: '10.0', java.version: '17.0.3.1'
Driver info: driver.version: RemoteWebDriver
at org.openqa.selenium.json.JsonInput.peek(JsonInput.java:126)
at org.openqa.selenium.json.JsonTypeCoercer.lambda$buildCoercer$6(JsonTypeCoercer.java:141)
at org.openqa.selenium.json.JsonTypeCoercer.coerce(JsonTypeCoercer.java:127)
at org.openqa.selenium.json.Json.toType(Json.java:71)
at org.openqa.selenium.json.Json.toType(Json.java:55)
... 32 more
... Removed 15 stack frames]]>
    </failure>
  </testcase> <!-- @BeforeClass setUp -->
  <testcase classname="testSuites.TestGoogleClass" name="@BeforeMethod before_test_set" time="0.0">
    <skipped/>
  </testcase> <!-- @BeforeMethod before_test_set -->
  <testcase classname="testSuites.TestGoogleClass" name="@BeforeMethod before_test_set" time="0.0">
    <skipped/>
  </testcase> <!-- @BeforeMethod before_test_set -->
  <testcase classname="testSuites.TestGoogleClass" name="@BeforeMethod before_test_set" time="0.0">
    <skipped/>
  </testcase> <!-- @BeforeMethod before_test_set -->
  <testcase classname="testSuites.TestGoogleClass" name="@BeforeMethod before_test_set" time="0.0">
    <skipped/>
  </testcase> <!-- @BeforeMethod before_test_set -->
  <testcase classname="testSuites.TestGoogleClass" name="@BeforeMethod before_test_set" time="0.0">
    <skipped/>
  </testcase> <!-- @BeforeMethod before_test_set -->
  <testcase classname="testSuites.TestGoogleClass" name="@AfterClass teardown" time="0.0">
    <skipped/>
  </testcase> <!-- @AfterClass teardown -->
  <testcase classname="testSuites.TestGoogleClass" name="checkThatFirstResult" time="0.0">
    <skipped/>
  </testcase> <!-- checkThatFirstResult -->
  <testcase classname="testSuites.TestGoogleClass" name="checkThatFourthResult" time="0.0">
    <skipped/>
  </testcase> <!-- checkThatFourthResult -->
  <testcase classname="testSuites.TestGoogleClass" name="checkThatGoogleLogoisDisblayed" time="0.001">
    <skipped/>
  </testcase> <!-- checkThatGoogleLogoisDisblayed -->
  <testcase classname="testSuites.TestGoogleClass" name="checkThatSecondPageLink" time="0.0">
    <skipped/>
  </testcase> <!-- checkThatSecondPageLink -->
  <testcase classname="testSuites.TestGoogleClass" name="checkThatTitleNameisGoogle" time="0.0">
    <skipped/>
  </testcase> <!-- checkThatTitleNameisGoogle -->
</testsuite> <!-- FirefoxTest -->
