<?xml version="1.0" encoding="UTF-8"?>
<testng-results ignored="0" total="5" passed="2" failed="3" skipped="0">
  <reporter-output>
  </reporter-output>
  <suite started-at="2022-08-24T23:08:43 EET" name="Default suite" finished-at="2022-08-24T23:08:55 EET" duration-ms="11575">
    <groups>
    </groups>
    <test started-at="2022-08-24T23:08:43 EET" name="Default test" finished-at="2022-08-24T23:08:55 EET" duration-ms="11575">
      <class name="testSuites.TestGoogleClass">
        <test-method is-config="true" signature="setUp()[pri:0, instance:testSuites.TestGoogleClass@2a4fb17b]" started-at="2022-08-24T23:08:43 EET" name="setUp" finished-at="2022-08-24T23:08:45 EET" duration-ms="1434" status="PASS">
          <reporter-output>
          </reporter-output>
        </test-method> <!-- setUp -->
        <test-method is-config="true" signature="before_test_set()[pri:0, instance:testSuites.TestGoogleClass@2a4fb17b]" started-at="2022-08-24T23:08:45 EET" name="before_test_set" finished-at="2022-08-24T23:08:46 EET" duration-ms="1519" status="PASS">
          <reporter-output>
          </reporter-output>
        </test-method> <!-- before_test_set -->
        <test-method signature="checkThatFirstResult()[pri:0, instance:testSuites.TestGoogleClass@2a4fb17b]" started-at="2022-08-24T23:08:46 EET" name="checkThatFirstResult" finished-at="2022-08-24T23:08:48 EET" duration-ms="1731" status="FAIL">
          <exception class="java.lang.AssertionError">
            <message>
              <![CDATA[Alert first result text is not right expected [Selenium - Web Browser Automation] but found [Selenium Webdriver Tutorial with Examples - BrowserStack]]]>
            </message>
            <full-stacktrace>
              <![CDATA[java.lang.AssertionError: Alert first result text is not right expected [Selenium - Web Browser Automation] but found [Selenium Webdriver Tutorial with Examples - BrowserStack]
at org.testng.Assert.fail(Assert.java:110)
at org.testng.Assert.failNotEquals(Assert.java:1413)
at org.testng.Assert.assertEqualsImpl(Assert.java:149)
at org.testng.Assert.assertEquals(Assert.java:131)
at org.testng.Assert.assertEquals(Assert.java:655)
at testSuites.TestGoogleClass.checkThatFirstResult(TestGoogleClass.java:64)
at java.base/jdk.internal.reflect.NativeMethodAccessorImpl.invoke0(Native Method)
at java.base/jdk.internal.reflect.NativeMethodAccessorImpl.invoke(NativeMethodAccessorImpl.java:77)
at java.base/jdk.internal.reflect.DelegatingMethodAccessorImpl.invoke(DelegatingMethodAccessorImpl.java:43)
at java.base/java.lang.reflect.Method.invoke(Method.java:568)
at org.testng.internal.invokers.MethodInvocationHelper.invokeMethod(MethodInvocationHelper.java:139)
at org.testng.internal.invokers.TestInvoker.invokeMethod(TestInvoker.java:677)
at org.testng.internal.invokers.TestInvoker.invokeTestMethod(TestInvoker.java:221)
at org.testng.internal.invokers.MethodRunner.runInSequence(MethodRunner.java:50)
at org.testng.internal.invokers.TestInvoker$MethodInvocationAgent.invoke(TestInvoker.java:962)
at org.testng.internal.invokers.TestInvoker.invokeTestMethods(TestInvoker.java:194)
at org.testng.internal.invokers.TestMethodWorker.invokeTestMethods(TestMethodWorker.java:148)
at org.testng.internal.invokers.TestMethodWorker.run(TestMethodWorker.java:128)
at java.base/java.util.ArrayList.forEach(ArrayList.java:1511)
at org.testng.TestRunner.privateRun(TestRunner.java:806)
at org.testng.TestRunner.run(TestRunner.java:601)
at org.testng.SuiteRunner.runTest(SuiteRunner.java:433)
at org.testng.SuiteRunner.runSequentially(SuiteRunner.java:427)
at org.testng.SuiteRunner.privateRun(SuiteRunner.java:387)
at org.testng.SuiteRunner.run(SuiteRunner.java:330)
at org.testng.SuiteRunnerWorker.runSuite(SuiteRunnerWorker.java:52)
at org.testng.SuiteRunnerWorker.run(SuiteRunnerWorker.java:95)
at org.testng.TestNG.runSuitesSequentially(TestNG.java:1256)
at org.testng.TestNG.runSuitesLocally(TestNG.java:1176)
at org.testng.TestNG.runSuites(TestNG.java:1099)
at org.testng.TestNG.run(TestNG.java:1067)
at org.testng.remote.AbstractRemoteTestNG.run(AbstractRemoteTestNG.java:115)
at org.testng.remote.RemoteTestNG.initAndRun(RemoteTestNG.java:251)
at org.testng.remote.RemoteTestNG.main(RemoteTestNG.java:77)
]]>
            </full-stacktrace>
          </exception> <!-- java.lang.AssertionError -->
          <reporter-output>
          </reporter-output>
        </test-method> <!-- checkThatFirstResult -->
        <test-method is-config="true" signature="before_test_set()[pri:0, instance:testSuites.TestGoogleClass@2a4fb17b]" started-at="2022-08-24T23:08:48 EET" name="before_test_set" finished-at="2022-08-24T23:08:48 EET" duration-ms="432" status="PASS">
          <reporter-output>
          </reporter-output>
        </test-method> <!-- before_test_set -->
        <test-method signature="checkThatFourthResult()[pri:0, instance:testSuites.TestGoogleClass@2a4fb17b]" started-at="2022-08-24T23:08:48 EET" name="checkThatFourthResult" finished-at="2022-08-24T23:08:50 EET" duration-ms="1398" status="FAIL">
          <exception class="java.lang.AssertionError">
            <message>
              <![CDATA[Alert fourth result text is not right expected [TestNG Tutorial] but found [TestNG - Wikipedia]]]>
            </message>
            <full-stacktrace>
              <![CDATA[java.lang.AssertionError: Alert fourth result text is not right expected [TestNG Tutorial] but found [TestNG - Wikipedia]
at org.testng.Assert.fail(Assert.java:110)
at org.testng.Assert.failNotEquals(Assert.java:1413)
at org.testng.Assert.assertEqualsImpl(Assert.java:149)
at org.testng.Assert.assertEquals(Assert.java:131)
at org.testng.Assert.assertEquals(Assert.java:655)
at testSuites.TestGoogleClass.checkThatFourthResult(TestGoogleClass.java:80)
at java.base/jdk.internal.reflect.NativeMethodAccessorImpl.invoke0(Native Method)
at java.base/jdk.internal.reflect.NativeMethodAccessorImpl.invoke(NativeMethodAccessorImpl.java:77)
at java.base/jdk.internal.reflect.DelegatingMethodAccessorImpl.invoke(DelegatingMethodAccessorImpl.java:43)
at java.base/java.lang.reflect.Method.invoke(Method.java:568)
at org.testng.internal.invokers.MethodInvocationHelper.invokeMethod(MethodInvocationHelper.java:139)
at org.testng.internal.invokers.TestInvoker.invokeMethod(TestInvoker.java:677)
at org.testng.internal.invokers.TestInvoker.invokeTestMethod(TestInvoker.java:221)
at org.testng.internal.invokers.MethodRunner.runInSequence(MethodRunner.java:50)
at org.testng.internal.invokers.TestInvoker$MethodInvocationAgent.invoke(TestInvoker.java:962)
at org.testng.internal.invokers.TestInvoker.invokeTestMethods(TestInvoker.java:194)
at org.testng.internal.invokers.TestMethodWorker.invokeTestMethods(TestMethodWorker.java:148)
at org.testng.internal.invokers.TestMethodWorker.run(TestMethodWorker.java:128)
at java.base/java.util.ArrayList.forEach(ArrayList.java:1511)
at org.testng.TestRunner.privateRun(TestRunner.java:806)
at org.testng.TestRunner.run(TestRunner.java:601)
at org.testng.SuiteRunner.runTest(SuiteRunner.java:433)
at org.testng.SuiteRunner.runSequentially(SuiteRunner.java:427)
at org.testng.SuiteRunner.privateRun(SuiteRunner.java:387)
at org.testng.SuiteRunner.run(SuiteRunner.java:330)
at org.testng.SuiteRunnerWorker.runSuite(SuiteRunnerWorker.java:52)
at org.testng.SuiteRunnerWorker.run(SuiteRunnerWorker.java:95)
at org.testng.TestNG.runSuitesSequentially(TestNG.java:1256)
at org.testng.TestNG.runSuitesLocally(TestNG.java:1176)
at org.testng.TestNG.runSuites(TestNG.java:1099)
at org.testng.TestNG.run(TestNG.java:1067)
at org.testng.remote.AbstractRemoteTestNG.run(AbstractRemoteTestNG.java:115)
at org.testng.remote.RemoteTestNG.initAndRun(RemoteTestNG.java:251)
at org.testng.remote.RemoteTestNG.main(RemoteTestNG.java:77)
]]>
            </full-stacktrace>
          </exception> <!-- java.lang.AssertionError -->
          <reporter-output>
          </reporter-output>
        </test-method> <!-- checkThatFourthResult -->
        <test-method is-config="true" signature="before_test_set()[pri:0, instance:testSuites.TestGoogleClass@2a4fb17b]" started-at="2022-08-24T23:08:50 EET" name="before_test_set" finished-at="2022-08-24T23:08:50 EET" duration-ms="443" status="PASS">
          <reporter-output>
          </reporter-output>
        </test-method> <!-- before_test_set -->
        <test-method signature="checkThatGoogleLogoisDisblayed()[pri:0, instance:testSuites.TestGoogleClass@2a4fb17b]" started-at="2022-08-24T23:08:50 EET" name="checkThatGoogleLogoisDisblayed" finished-at="2022-08-24T23:08:50 EET" duration-ms="24" status="PASS">
          <reporter-output>
          </reporter-output>
        </test-method> <!-- checkThatGoogleLogoisDisblayed -->
        <test-method is-config="true" signature="before_test_set()[pri:0, instance:testSuites.TestGoogleClass@2a4fb17b]" started-at="2022-08-24T23:08:50 EET" name="before_test_set" finished-at="2022-08-24T23:08:50 EET" duration-ms="387" status="PASS">
          <reporter-output>
          </reporter-output>
        </test-method> <!-- before_test_set -->
        <test-method signature="checkThatSecondPageLink()[pri:0, instance:testSuites.TestGoogleClass@2a4fb17b]" started-at="2022-08-24T23:08:50 EET" name="checkThatSecondPageLink" finished-at="2022-08-24T23:08:54 EET" duration-ms="3516" status="FAIL">
          <exception class="java.lang.AssertionError">
            <message>
              <![CDATA[Alert second page link is not right  expected [https://www.linkedin.com] but found [https://en.wikipedia.org/wiki/Cucumber_(software)]]]>
            </message>
            <full-stacktrace>
              <![CDATA[java.lang.AssertionError: Alert second page link is not right  expected [https://www.linkedin.com] but found [https://en.wikipedia.org/wiki/Cucumber_(software)]
at org.testng.Assert.fail(Assert.java:110)
at org.testng.Assert.failNotEquals(Assert.java:1413)
at org.testng.Assert.assertEqualsImpl(Assert.java:149)
at org.testng.Assert.assertEquals(Assert.java:131)
at org.testng.Assert.assertEquals(Assert.java:655)
at testSuites.TestGoogleClass.checkThatSecondPageLink(TestGoogleClass.java:95)
at java.base/jdk.internal.reflect.NativeMethodAccessorImpl.invoke0(Native Method)
at java.base/jdk.internal.reflect.NativeMethodAccessorImpl.invoke(NativeMethodAccessorImpl.java:77)
at java.base/jdk.internal.reflect.DelegatingMethodAccessorImpl.invoke(DelegatingMethodAccessorImpl.java:43)
at java.base/java.lang.reflect.Method.invoke(Method.java:568)
at org.testng.internal.invokers.MethodInvocationHelper.invokeMethod(MethodInvocationHelper.java:139)
at org.testng.internal.invokers.TestInvoker.invokeMethod(TestInvoker.java:677)
at org.testng.internal.invokers.TestInvoker.invokeTestMethod(TestInvoker.java:221)
at org.testng.internal.invokers.MethodRunner.runInSequence(MethodRunner.java:50)
at org.testng.internal.invokers.TestInvoker$MethodInvocationAgent.invoke(TestInvoker.java:962)
at org.testng.internal.invokers.TestInvoker.invokeTestMethods(TestInvoker.java:194)
at org.testng.internal.invokers.TestMethodWorker.invokeTestMethods(TestMethodWorker.java:148)
at org.testng.internal.invokers.TestMethodWorker.run(TestMethodWorker.java:128)
at java.base/java.util.ArrayList.forEach(ArrayList.java:1511)
at org.testng.TestRunner.privateRun(TestRunner.java:806)
at org.testng.TestRunner.run(TestRunner.java:601)
at org.testng.SuiteRunner.runTest(SuiteRunner.java:433)
at org.testng.SuiteRunner.runSequentially(SuiteRunner.java:427)
at org.testng.SuiteRunner.privateRun(SuiteRunner.java:387)
at org.testng.SuiteRunner.run(SuiteRunner.java:330)
at org.testng.SuiteRunnerWorker.runSuite(SuiteRunnerWorker.java:52)
at org.testng.SuiteRunnerWorker.run(SuiteRunnerWorker.java:95)
at org.testng.TestNG.runSuitesSequentially(TestNG.java:1256)
at org.testng.TestNG.runSuitesLocally(TestNG.java:1176)
at org.testng.TestNG.runSuites(TestNG.java:1099)
at org.testng.TestNG.run(TestNG.java:1067)
at org.testng.remote.AbstractRemoteTestNG.run(AbstractRemoteTestNG.java:115)
at org.testng.remote.RemoteTestNG.initAndRun(RemoteTestNG.java:251)
at org.testng.remote.RemoteTestNG.main(RemoteTestNG.java:77)
]]>
            </full-stacktrace>
          </exception> <!-- java.lang.AssertionError -->
          <reporter-output>
          </reporter-output>
        </test-method> <!-- checkThatSecondPageLink -->
        <test-method is-config="true" signature="before_test_set()[pri:0, instance:testSuites.TestGoogleClass@2a4fb17b]" started-at="2022-08-24T23:08:54 EET" name="before_test_set" finished-at="2022-08-24T23:08:55 EET" duration-ms="535" status="PASS">
          <reporter-output>
          </reporter-output>
        </test-method> <!-- before_test_set -->
        <test-method signature="checkThatTitleNameisGoogle()[pri:0, instance:testSuites.TestGoogleClass@2a4fb17b]" started-at="2022-08-24T23:08:55 EET" name="checkThatTitleNameisGoogle" finished-at="2022-08-24T23:08:55 EET" duration-ms="4" status="PASS">
          <reporter-output>
          </reporter-output>
        </test-method> <!-- checkThatTitleNameisGoogle -->
        <test-method is-config="true" signature="teardown()[pri:0, instance:testSuites.TestGoogleClass@2a4fb17b]" started-at="2022-08-24T23:08:55 EET" name="teardown" finished-at="2022-08-24T23:08:55 EET" duration-ms="121" status="PASS">
          <reporter-output>
          </reporter-output>
        </test-method> <!-- teardown -->
      </class> <!-- testSuites.TestGoogleClass -->
    </test> <!-- Default test -->
  </suite> <!-- Default suite -->
</testng-results>
